This is pdfeTeXk, Version 3.141592-1.21a-2.2 (Web2C 7.5.4) (format=pdflatex 2011.6.22)  25 MAY 2012 00:03
 file:line:error style messages enabled.
**\nonstopmode \input /home/fgregg/academic/boundaries/writing/kernelmap.tex
(/home/fgregg/academic/boundaries/writing/kernelmap.tex
(/usr/share/texmf/tex/latex/base/article.cls
Document Class: article 2004/02/16 v1.4f Standard LaTeX document class
(/usr/share/texmf/tex/latex/base/size10.clo
File: size10.clo 2004/02/16 v1.4f Standard LaTeX file (size option)
)
\c@part=\count79
\c@section=\count80
\c@subsection=\count81
\c@subsubsection=\count82
\c@paragraph=\count83
\c@subparagraph=\count84
\c@figure=\count85
\c@table=\count86
\abovecaptionskip=\skip41
\belowcaptionskip=\skip42
\bibindent=\dimen102
)
(/usr/share/texmf/tex/latex/graphics/color.sty
Package: color 1999/02/16 v1.0i Standard LaTeX Color (DPC)

(/usr/share/texmf/tex/latex/graphics/color.cfg
File: color.cfg 2005/02/03 v1.3 color configuration of teTeX/TeXLive
)
Package color Info: Driver file: pdftex.def on input line 125.

(/usr/share/texmf/tex/latex/graphics/pdftex.def
File: pdftex.def 2002/06/19 v0.03k graphics/color for pdftex
\Gread@gobject=\count87
))
\hlnormalsizeboxclosebrace=\box26
\hlnormalsizeboxopenbrace=\box27
\hlnormalsizeboxbackslash=\box28
\hlnormalsizeboxlessthan=\box29
\hlnormalsizeboxgreaterthan=\box30
\hlnormalsizeboxdollar=\box31
\hlnormalsizeboxunderscore=\box32
\hlnormalsizeboxand=\box33
\hlnormalsizeboxhash=\box34
\hlnormalsizeboxat=\box35
\hlnormalsizeboxpercent=\box36
\hlnormalsizeboxhat=\box37
\hlnormalsizeboxsinglequote=\box38
\hlnormalsizeboxbacktick=\box39
\hltinyboxclosebrace=\box40
\hltinyboxopenbrace=\box41
\hltinyboxbackslash=\box42
\hltinyboxlessthan=\box43
\hltinyboxgreaterthan=\box44
\hltinyboxdollar=\box45
\hltinyboxunderscore=\box46
\hltinyboxand=\box47
\hltinyboxhash=\box48
\hltinyboxat=\box49
\hltinyboxpercent=\box50
\hltinyboxhat=\box51
\hltinyboxsinglequote=\box52
\hltinyboxbacktick=\box53
\hlscriptsizeboxclosebrace=\box54
\hlscriptsizeboxopenbrace=\box55
\hlscriptsizeboxbackslash=\box56
\hlscriptsizeboxlessthan=\box57
\hlscriptsizeboxgreaterthan=\box58
\hlscriptsizeboxdollar=\box59
\hlscriptsizeboxunderscore=\box60
\hlscriptsizeboxand=\box61
\hlscriptsizeboxhash=\box62
\hlscriptsizeboxat=\box63
\hlscriptsizeboxpercent=\box64
\hlscriptsizeboxhat=\box65
\hlscriptsizeboxsinglequote=\box66
\hlscriptsizeboxbacktick=\box67
\hlfootnotesizeboxclosebrace=\box68
\hlfootnotesizeboxopenbrace=\box69
\hlfootnotesizeboxbackslash=\box70
\hlfootnotesizeboxlessthan=\box71
\hlfootnotesizeboxgreaterthan=\box72
\hlfootnotesizeboxdollar=\box73
\hlfootnotesizeboxunderscore=\box74
\hlfootnotesizeboxand=\box75
\hlfootnotesizeboxhash=\box76
\hlfootnotesizeboxat=\box77
\hlfootnotesizeboxpercent=\box78
\hlfootnotesizeboxhat=\box79
\hlfootnotesizeboxsinglequote=\box80
\hlfootnotesizeboxbacktick=\box81
\hlsmallboxclosebrace=\box82
\hlsmallboxopenbrace=\box83
\hlsmallboxbackslash=\box84
\hlsmallboxlessthan=\box85
\hlsmallboxgreaterthan=\box86
\hlsmallboxdollar=\box87
\hlsmallboxunderscore=\box88
\hlsmallboxand=\box89
\hlsmallboxhash=\box90
\hlsmallboxat=\box91
\hlsmallboxpercent=\box92
\hlsmallboxhat=\box93
\hlsmallboxsinglequote=\box94
\hlsmallboxbacktick=\box95
\hllargeboxclosebrace=\box96
\hllargeboxopenbrace=\box97
\hllargeboxbackslash=\box98
\hllargeboxlessthan=\box99
\hllargeboxgreaterthan=\box100
\hllargeboxdollar=\box101
\hllargeboxunderscore=\box102
\hllargeboxand=\box103
\hllargeboxhash=\box104
\hllargeboxat=\box105
\hllargeboxpercent=\box106
\hllargeboxhat=\box107
\hllargeboxsinglequote=\box108
\hllargeboxbacktick=\box109
\hlLargeboxclosebrace=\box110
\hlLargeboxopenbrace=\box111
\hlLargeboxbackslash=\box112
\hlLargeboxlessthan=\box113
\hlLargeboxgreaterthan=\box114
\hlLargeboxdollar=\box115
\hlLargeboxunderscore=\box116
\hlLargeboxand=\box117
\hlLargeboxhash=\box118
\hlLargeboxat=\box119
\hlLargeboxpercent=\box120
\hlLargeboxhat=\box121
\hlLargeboxsinglequote=\box122
\hlLargeboxbacktick=\box123
\hlLARGEboxclosebrace=\box124
\hlLARGEboxopenbrace=\box125
\hlLARGEboxbackslash=\box126
\hlLARGEboxlessthan=\box127
\hlLARGEboxgreaterthan=\box128
\hlLARGEboxdollar=\box129
\hlLARGEboxunderscore=\box130
\hlLARGEboxand=\box131
\hlLARGEboxhash=\box132
\hlLARGEboxat=\box133
\hlLARGEboxpercent=\box134
\hlLARGEboxhat=\box135
\hlLARGEboxsinglequote=\box136
\hlLARGEboxbacktick=\box137
\hlhugeboxclosebrace=\box138
\hlhugeboxopenbrace=\box139
\hlhugeboxbackslash=\box140
\hlhugeboxlessthan=\box141
\hlhugeboxgreaterthan=\box142
\hlhugeboxdollar=\box143
\hlhugeboxunderscore=\box144
\hlhugeboxand=\box145
\hlhugeboxhash=\box146
\hlhugeboxat=\box147
\hlhugeboxpercent=\box148
\hlhugeboxhat=\box149
\hlhugeboxsinglequote=\box150
\hlhugeboxbacktick=\box151
\hlHugeboxclosebrace=\box152
\hlHugeboxopenbrace=\box153
\hlHugeboxbackslash=\box154
\hlHugeboxlessthan=\box155
\hlHugeboxgreaterthan=\box156
\hlHugeboxdollar=\box157
\hlHugeboxunderscore=\box158
\hlHugeboxand=\box159
\hlHugeboxhash=\box160
\hlHugeboxat=\box161
\hlHugeboxpercent=\box162
\hlHugeboxhat=\box163
\hlHugeboxsinglequote=\box164
\hlHugeboxbacktick=\box165

(/usr/share/texmf/tex/latex/amsmath/amsmath.sty
Package: amsmath 2000/07/18 v2.13 AMS math features
\@mathmargin=\skip43

For additional information on amsmath, use the `?' option.
(/usr/share/texmf/tex/latex/amsmath/amstext.sty
Package: amstext 2000/06/29 v2.01

(/usr/share/texmf/tex/latex/amsmath/amsgen.sty
File: amsgen.sty 1999/11/30 v2.0
\@emptytoks=\toks14
\ex@=\dimen103
))
(/usr/share/texmf/tex/latex/amsmath/amsbsy.sty
Package: amsbsy 1999/11/29 v1.2d
\pmbraise@=\dimen104
)
(/usr/share/texmf/tex/latex/amsmath/amsopn.sty
Package: amsopn 1999/12/14 v2.01 operator names
)
\inf@bad=\count88
LaTeX Info: Redefining \frac on input line 211.
\uproot@=\count89
\leftroot@=\count90
LaTeX Info: Redefining \overline on input line 307.
\classnum@=\count91
\DOTSCASE@=\count92
LaTeX Info: Redefining \ldots on input line 379.
LaTeX Info: Redefining \dots on input line 382.
LaTeX Info: Redefining \cdots on input line 467.
\Mathstrutbox@=\box166
\strutbox@=\box167
\big@size=\dimen105
LaTeX Font Info:    Redeclaring font encoding OML on input line 567.
LaTeX Font Info:    Redeclaring font encoding OMS on input line 568.
\macc@depth=\count93
\c@MaxMatrixCols=\count94
\dotsspace@=\muskip10
\c@parentequation=\count95
\dspbrk@lvl=\count96
\tag@help=\toks15
\row@=\count97
\column@=\count98
\maxfields@=\count99
\andhelp@=\toks16
\eqnshift@=\dimen106
\alignsep@=\dimen107
\tagshift@=\dimen108
\tagwidth@=\dimen109
\totwidth@=\dimen110
\lineht@=\dimen111
\@envbody=\toks17
\multlinegap=\skip44
\multlinetaggap=\skip45
\mathdisplay@stack=\toks18
LaTeX Info: Redefining \[ on input line 2666.
LaTeX Info: Redefining \] on input line 2667.
)
(/usr/share/texmf/tex/latex/url/url.sty
\Urlmuskip=\muskip11
Package: url 2004/03/15  ver 3.1  Verb mode for urls, etc.
)
(/usr/share/texmf/tex/latex/endnotes/endnotes.sty
\c@endnote=\count100
\endnotesep=\dimen112
\@enotes=\write3
)
(/home/fgregg/texmf/tex/latex/pgf/frontendlayer/tikz.sty
(/home/fgregg/texmf/tex/latex/pgf/basiclayer/pgf.sty
(/home/fgregg/texmf/tex/latex/pgf/utilities/pgfrcs.sty
(/home/fgregg/texmf/tex/generic/pgf/utilities/pgfutil-common.tex
\pgfutil@everybye=\toks19
)
(/home/fgregg/texmf/tex/generic/pgf/utilities/pgfutil-latex.def
\pgfutil@abb=\box168

(/usr/share/texmf/tex/latex/ms/everyshi.sty
Package: everyshi 2001/05/15 v3.00 EveryShipout Package (MS)
))
(/home/fgregg/texmf/tex/generic/pgf/utilities/pgfrcs.code.tex
Package: pgfrcs 2010/10/25 v2.10 (rcs-revision 1.24)
))
Package: pgf 2008/01/15 v2.10 (rcs-revision 1.12)

(/home/fgregg/texmf/tex/latex/pgf/basiclayer/pgfcore.sty
(/usr/share/texmf/tex/latex/graphics/graphicx.sty
Package: graphicx 1999/02/16 v1.0f Enhanced LaTeX Graphics (DPC,SPQR)

(/usr/share/texmf/tex/latex/graphics/keyval.sty
Package: keyval 1999/03/16 v1.13 key=value parser (DPC)
\KV@toks@=\toks20
)
(/usr/share/texmf/tex/latex/graphics/graphics.sty
Package: graphics 2001/07/07 v1.0n Standard LaTeX Graphics (DPC,SPQR)

(/usr/share/texmf/tex/latex/graphics/trig.sty
Package: trig 1999/03/16 v1.09 sin cos tan (DPC)
)
(/usr/share/texmf/tex/latex/graphics/graphics.cfg
File: graphics.cfg 2005/02/03 v1.3 graphics configuration of teTeX/TeXLive
)
Package graphics Info: Driver file: pdftex.def on input line 80.
)
\Gin@req@height=\dimen113
\Gin@req@width=\dimen114
)
(/home/fgregg/texmf/tex/latex/pgf/systemlayer/pgfsys.sty
(/home/fgregg/texmf/tex/generic/pgf/systemlayer/pgfsys.code.tex
Package: pgfsys 2010/06/30 v2.10 (rcs-revision 1.37)

(/home/fgregg/texmf/tex/generic/pgf/utilities/pgfkeys.code.tex
\pgfkeys@pathtoks=\toks21
\pgfkeys@temptoks=\toks22

(/home/fgregg/texmf/tex/generic/pgf/utilities/pgfkeysfiltered.code.tex
\pgfkeys@tmptoks=\toks23
))
\pgf@x=\dimen115
\pgf@y=\dimen116
\pgf@xa=\dimen117
\pgf@ya=\dimen118
\pgf@xb=\dimen119
\pgf@yb=\dimen120
\pgf@xc=\dimen121
\pgf@yc=\dimen122
\w@pgf@writea=\write4
\r@pgf@reada=\read1
\c@pgf@counta=\count101
\c@pgf@countb=\count102
\c@pgf@countc=\count103
\c@pgf@countd=\count104

(/home/fgregg/texmf/tex/generic/pgf/systemlayer/pgf.cfg
File: pgf.cfg 2008/05/14  (rcs-revision 1.7)
)
Package pgfsys Info: Driver file for pgf: pgfsys-pdftex.def on input line 900.

(/home/fgregg/texmf/tex/generic/pgf/systemlayer/pgfsys-pdftex.def
File: pgfsys-pdftex.def 2009/05/22  (rcs-revision 1.26)

(/home/fgregg/texmf/tex/generic/pgf/systemlayer/pgfsys-common-pdf.def
File: pgfsys-common-pdf.def 2008/05/19  (rcs-revision 1.10)
)))
(/home/fgregg/texmf/tex/generic/pgf/systemlayer/pgfsyssoftpath.code.tex
File: pgfsyssoftpath.code.tex 2008/07/18  (rcs-revision 1.7)
\pgfsyssoftpath@smallbuffer@items=\count105
\pgfsyssoftpath@bigbuffer@items=\count106
)
(/home/fgregg/texmf/tex/generic/pgf/systemlayer/pgfsysprotocol.code.tex
File: pgfsysprotocol.code.tex 2006/10/16  (rcs-revision 1.4)
))
(/usr/share/texmf/tex/latex/xcolor/xcolor.sty
Package: xcolor 2004/07/04 v2.00 LaTeX color extensions (UK)

(/usr/share/texmf/tex/latex/graphics/color.cfg
File: color.cfg 2005/02/03 v1.3 color configuration of teTeX/TeXLive
)
Package xcolor Info: Driver file: pdftex.def on input line 136.
LaTeX Info: Redefining \color on input line 494.
Package xcolor Info: Color model `cmy' added on input line 972.
Package xcolor Info: Color model `hsb' added on input line 980.
Package xcolor Info: Color model `HTML' added on input line 1000.
Package xcolor Info: Color model `HSB' added on input line 1006.
Package xcolor Info: Color model `Gray' added on input line 1012.
)
(/home/fgregg/texmf/tex/generic/pgf/basiclayer/pgfcore.code.tex
Package: pgfcore 2010/04/11 v2.10 (rcs-revision 1.7)

(/home/fgregg/texmf/tex/generic/pgf/math/pgfmath.code.tex
(/home/fgregg/texmf/tex/generic/pgf/math/pgfmathcalc.code.tex
(/home/fgregg/texmf/tex/generic/pgf/math/pgfmathutil.code.tex)
(/home/fgregg/texmf/tex/generic/pgf/math/pgfmathparser.code.tex
\pgfmath@dimen=\dimen123
\pgfmath@count=\count107
\pgfmath@box=\box169
\pgfmath@toks=\toks24
\pgfmath@stack@operand=\toks25
\pgfmath@stack@operation=\toks26
)
(/home/fgregg/texmf/tex/generic/pgf/math/pgfmathfunctions.code.tex
(/home/fgregg/texmf/tex/generic/pgf/math/pgfmathfunctions.basic.code.tex)
(/home/fgregg/texmf/tex/generic/pgf/math/pgfmathfunctions.trigonometric.code.te
x) (/home/fgregg/texmf/tex/generic/pgf/math/pgfmathfunctions.random.code.tex)
(/home/fgregg/texmf/tex/generic/pgf/math/pgfmathfunctions.comparison.code.tex)
(/home/fgregg/texmf/tex/generic/pgf/math/pgfmathfunctions.base.code.tex)
(/home/fgregg/texmf/tex/generic/pgf/math/pgfmathfunctions.round.code.tex)
(/home/fgregg/texmf/tex/generic/pgf/math/pgfmathfunctions.misc.code.tex)))
(/home/fgregg/texmf/tex/generic/pgf/math/pgfmathfloat.code.tex
\c@pgfmathroundto@lastzeros=\count108
))
(/home/fgregg/texmf/tex/generic/pgf/basiclayer/pgfcorepoints.code.tex
File: pgfcorepoints.code.tex 2010/04/09  (rcs-revision 1.20)
\pgf@picminx=\dimen124
\pgf@picmaxx=\dimen125
\pgf@picminy=\dimen126
\pgf@picmaxy=\dimen127
\pgf@pathminx=\dimen128
\pgf@pathmaxx=\dimen129
\pgf@pathminy=\dimen130
\pgf@pathmaxy=\dimen131
\pgf@xx=\dimen132
\pgf@xy=\dimen133
\pgf@yx=\dimen134
\pgf@yy=\dimen135
\pgf@zx=\dimen136
\pgf@zy=\dimen137
)
(/home/fgregg/texmf/tex/generic/pgf/basiclayer/pgfcorepathconstruct.code.tex
File: pgfcorepathconstruct.code.tex 2010/08/03  (rcs-revision 1.24)
\pgf@path@lastx=\dimen138
\pgf@path@lasty=\dimen139
)
(/home/fgregg/texmf/tex/generic/pgf/basiclayer/pgfcorepathusage.code.tex
File: pgfcorepathusage.code.tex 2008/04/22  (rcs-revision 1.12)
\pgf@shorten@end@additional=\dimen140
\pgf@shorten@start@additional=\dimen141
)
(/home/fgregg/texmf/tex/generic/pgf/basiclayer/pgfcorescopes.code.tex
File: pgfcorescopes.code.tex 2010/09/08  (rcs-revision 1.34)
\pgfpic=\box170
\pgf@hbox=\box171
\pgf@layerbox@main=\box172
\pgf@picture@serial@count=\count109
)
(/home/fgregg/texmf/tex/generic/pgf/basiclayer/pgfcoregraphicstate.code.tex
File: pgfcoregraphicstate.code.tex 2008/04/22  (rcs-revision 1.9)
\pgflinewidth=\dimen142
)
(/home/fgregg/texmf/tex/generic/pgf/basiclayer/pgfcoretransformations.code.tex
File: pgfcoretransformations.code.tex 2009/06/10  (rcs-revision 1.11)
\pgf@pt@x=\dimen143
\pgf@pt@y=\dimen144
\pgf@pt@temp=\dimen145
) (/home/fgregg/texmf/tex/generic/pgf/basiclayer/pgfcorequick.code.tex
File: pgfcorequick.code.tex 2008/10/09  (rcs-revision 1.3)
)
(/home/fgregg/texmf/tex/generic/pgf/basiclayer/pgfcoreobjects.code.tex
File: pgfcoreobjects.code.tex 2006/10/11  (rcs-revision 1.2)
)
(/home/fgregg/texmf/tex/generic/pgf/basiclayer/pgfcorepathprocessing.code.tex
File: pgfcorepathprocessing.code.tex 2008/10/09  (rcs-revision 1.8)
)
(/home/fgregg/texmf/tex/generic/pgf/basiclayer/pgfcorearrows.code.tex
File: pgfcorearrows.code.tex 2008/04/23  (rcs-revision 1.11)
)
(/home/fgregg/texmf/tex/generic/pgf/basiclayer/pgfcoreshade.code.tex
File: pgfcoreshade.code.tex 2008/11/23  (rcs-revision 1.13)
\pgf@max=\dimen146
\pgf@sys@shading@range@num=\count110
)
(/home/fgregg/texmf/tex/generic/pgf/basiclayer/pgfcoreimage.code.tex
File: pgfcoreimage.code.tex 2010/03/25  (rcs-revision 1.16)

(/home/fgregg/texmf/tex/generic/pgf/basiclayer/pgfcoreexternal.code.tex
File: pgfcoreexternal.code.tex 2010/09/01  (rcs-revision 1.17)
\pgfexternal@startupbox=\box173
))
(/home/fgregg/texmf/tex/generic/pgf/basiclayer/pgfcorelayers.code.tex
File: pgfcorelayers.code.tex 2010/08/27  (rcs-revision 1.2)
)
(/home/fgregg/texmf/tex/generic/pgf/basiclayer/pgfcoretransparency.code.tex
File: pgfcoretransparency.code.tex 2008/01/17  (rcs-revision 1.2)
)
(/home/fgregg/texmf/tex/generic/pgf/basiclayer/pgfcorepatterns.code.tex
File: pgfcorepatterns.code.tex 2009/07/02  (rcs-revision 1.3)
)))
(/home/fgregg/texmf/tex/generic/pgf/modules/pgfmoduleshapes.code.tex
File: pgfmoduleshapes.code.tex 2010/09/09  (rcs-revision 1.13)
\pgfnodeparttextbox=\box174
)
(/home/fgregg/texmf/tex/generic/pgf/modules/pgfmoduleplot.code.tex
File: pgfmoduleplot.code.tex 2010/10/22  (rcs-revision 1.8)
)
(/home/fgregg/texmf/tex/latex/pgf/compatibility/pgfcomp-version-0-65.sty
Package: pgfcomp-version-0-65 2007/07/03 v2.10 (rcs-revision 1.7)
\pgf@nodesepstart=\dimen147
\pgf@nodesepend=\dimen148
)
(/home/fgregg/texmf/tex/latex/pgf/compatibility/pgfcomp-version-1-18.sty
Package: pgfcomp-version-1-18 2007/07/23 v2.10 (rcs-revision 1.1)
))
(/home/fgregg/texmf/tex/latex/pgf/utilities/pgffor.sty
(/home/fgregg/texmf/tex/latex/pgf/utilities/pgfkeys.sty
(/home/fgregg/texmf/tex/generic/pgf/utilities/pgfkeys.code.tex))
(/home/fgregg/texmf/tex/generic/pgf/utilities/pgffor.code.tex
Package: pgffor 2010/03/23 v2.10 (rcs-revision 1.18)
\pgffor@iter=\dimen149
\pgffor@skip=\dimen150
\pgffor@stack=\toks27
\pgffor@toks=\toks28
))
(/home/fgregg/texmf/tex/generic/pgf/frontendlayer/tikz/tikz.code.tex
Package: tikz 2010/10/13 v2.10 (rcs-revision 1.76)

(/home/fgregg/texmf/tex/generic/pgf/libraries/pgflibraryplothandlers.code.tex
File: pgflibraryplothandlers.code.tex 2010/05/31 v2.10 (rcs-revision 1.15)
\pgf@plot@mark@count=\count111
\pgfplotmarksize=\dimen151
)
\tikz@lastx=\dimen152
\tikz@lasty=\dimen153
\tikz@lastxsaved=\dimen154
\tikz@lastysaved=\dimen155
\tikzleveldistance=\dimen156
\tikzsiblingdistance=\dimen157
\tikz@figbox=\box175
\tikz@tempbox=\box176
\tikztreelevel=\count112
\tikznumberofchildren=\count113
\tikznumberofcurrentchild=\count114
\tikz@fig@count=\count115

(/home/fgregg/texmf/tex/generic/pgf/modules/pgfmodulematrix.code.tex
File: pgfmodulematrix.code.tex 2010/08/24  (rcs-revision 1.4)
\pgfmatrixcurrentrow=\count116
\pgfmatrixcurrentcolumn=\count117
\pgf@matrix@numberofcolumns=\count118
)
\tikz@expandcount=\count119

(/home/fgregg/texmf/tex/generic/pgf/frontendlayer/tikz/libraries/tikzlibrarytop
aths.code.tex
File: tikzlibrarytopaths.code.tex 2008/06/17 v2.10 (rcs-revision 1.2)
)))
(/home/fgregg/texmf/tex/latex/pgf/frontendlayer/libraries/tikzlibraryexternal.c
ode.tex
(/home/fgregg/texmf/tex/generic/pgf/frontendlayer/tikz/libraries/tikzexternalsh
ared.code.tex
\tikzexternal@outfile=\write5
)) (/usr/share/texmf/tex/latex/subfigure/subfigure.sty
Package: subfigure 2002/07/30 v2.1.4 subfigure package
\subfigtopskip=\skip46
\subfigcapskip=\skip47
\subfigcaptopadj=\dimen158
\subfigbottomskip=\skip48
\subfigcapmargin=\dimen159
\subfiglabelskip=\skip49
\c@subfigure=\count120
\c@lofdepth=\count121
\c@subtable=\count122
\c@lotdepth=\count123

****************************************
* Local config file subfigure.cfg used *
****************************************
(/usr/share/texmf/tex/latex/subfigure/subfigure.cfg)
\subfig@top=\skip50
\subfig@bottom=\skip51
)
(/usr/share/R/texmf/tex/latex/Sweave.sty
Package: Sweave 

(/usr/share/texmf/tex/latex/base/ifthen.sty
Package: ifthen 2001/05/26 v1.1c Standard LaTeX ifthen package (DPC)
)
(/home/fgregg/texmf/tex/latex/fancyvrb.sty
Package: fancyvrb 2008/02/07

Style option: `fancyvrb' v2.7a, with DG/SPQR fixes, and firstline=lastline fix 
<2008/02/07> (tvz)
\FV@CodeLineNo=\count124
\FV@InFile=\read2
\FV@TabBox=\box177
\c@FancyVerbLine=\count125
\FV@StepNumber=\count126
\FV@OutFile=\write6
) (/usr/share/R/texmf/tex/latex/upquote.sty
Package: upquote 2003/08/11 v1.1 Covington's upright-quote modification to verb
atim and verb

(/usr/share/texmf/tex/latex/base/textcomp.sty
Package: textcomp 2004/02/22 v1.99f Standard LaTeX package
Package textcomp Info: Sub-encoding information:
(textcomp)               5 = only ISO-Adobe without \textcurrency
(textcomp)               4 = 5 + \texteuro
(textcomp)               3 = 4 + \textohm
(textcomp)               2 = 3 + \textestimated + \textcurrency
(textcomp)               1 = TS1 - \textcircled - \t
(textcomp)               0 = TS1 (full)
(textcomp)             Font families with sub-encoding setting implement
(textcomp)             only a restricted character set as indicated.
(textcomp)             Family '?' is the default used for unknown fonts.
(textcomp)             See the documentation for details.
Package textcomp Info: Setting ? sub-encoding to TS1/1 on input line 71.

(/usr/share/texmf/tex/latex/base/ts1enc.def
File: ts1enc.def 2001/06/05 v3.0e (jk/car/fm) Standard LaTeX file
)
LaTeX Info: Redefining \oldstylenums on input line 266.
Package textcomp Info: Setting cmr sub-encoding to TS1/0 on input line 281.
Package textcomp Info: Setting cmss sub-encoding to TS1/0 on input line 282.
Package textcomp Info: Setting cmtt sub-encoding to TS1/0 on input line 283.
Package textcomp Info: Setting cmvtt sub-encoding to TS1/0 on input line 284.
Package textcomp Info: Setting cmbr sub-encoding to TS1/0 on input line 285.
Package textcomp Info: Setting cmtl sub-encoding to TS1/0 on input line 286.
Package textcomp Info: Setting ccr sub-encoding to TS1/0 on input line 287.
Package textcomp Info: Setting ptm sub-encoding to TS1/4 on input line 288.
Package textcomp Info: Setting pcr sub-encoding to TS1/4 on input line 289.
Package textcomp Info: Setting phv sub-encoding to TS1/4 on input line 290.
Package textcomp Info: Setting ppl sub-encoding to TS1/3 on input line 291.
Package textcomp Info: Setting pag sub-encoding to TS1/4 on input line 292.
Package textcomp Info: Setting pbk sub-encoding to TS1/4 on input line 293.
Package textcomp Info: Setting pnc sub-encoding to TS1/4 on input line 294.
Package textcomp Info: Setting pzc sub-encoding to TS1/4 on input line 295.
Package textcomp Info: Setting bch sub-encoding to TS1/4 on input line 296.
Package textcomp Info: Setting put sub-encoding to TS1/5 on input line 297.
Package textcomp Info: Setting uag sub-encoding to TS1/5 on input line 298.
Package textcomp Info: Setting ugq sub-encoding to TS1/5 on input line 299.
Package textcomp Info: Setting ul8 sub-encoding to TS1/4 on input line 300.
Package textcomp Info: Setting ul9 sub-encoding to TS1/4 on input line 301.
Package textcomp Info: Setting augie sub-encoding to TS1/5 on input line 302.
Package textcomp Info: Setting dayrom sub-encoding to TS1/3 on input line 303.
Package textcomp Info: Setting dayroms sub-encoding to TS1/3 on input line 304.

Package textcomp Info: Setting pxr sub-encoding to TS1/0 on input line 305.
Package textcomp Info: Setting pxss sub-encoding to TS1/0 on input line 306.
Package textcomp Info: Setting pxtt sub-encoding to TS1/0 on input line 307.
Package textcomp Info: Setting txr sub-encoding to TS1/0 on input line 308.
Package textcomp Info: Setting txss sub-encoding to TS1/0 on input line 309.
Package textcomp Info: Setting txtt sub-encoding to TS1/0 on input line 310.
Package textcomp Info: Setting futs sub-encoding to TS1/4 on input line 311.
Package textcomp Info: Setting futx sub-encoding to TS1/4 on input line 312.
Package textcomp Info: Setting futj sub-encoding to TS1/4 on input line 313.
Package textcomp Info: Setting hlh sub-encoding to TS1/3 on input line 314.
Package textcomp Info: Setting hls sub-encoding to TS1/3 on input line 315.
Package textcomp Info: Setting hlst sub-encoding to TS1/3 on input line 316.
Package textcomp Info: Setting hlct sub-encoding to TS1/5 on input line 317.
Package textcomp Info: Setting hlx sub-encoding to TS1/5 on input line 318.
Package textcomp Info: Setting hlce sub-encoding to TS1/5 on input line 319.
Package textcomp Info: Setting hlcn sub-encoding to TS1/5 on input line 320.
Package textcomp Info: Setting hlcw sub-encoding to TS1/5 on input line 321.
Package textcomp Info: Setting hlcf sub-encoding to TS1/5 on input line 322.
Package textcomp Info: Setting pplx sub-encoding to TS1/3 on input line 323.
Package textcomp Info: Setting pplj sub-encoding to TS1/3 on input line 324.
Package textcomp Info: Setting ptmx sub-encoding to TS1/4 on input line 325.
Package textcomp Info: Setting ptmj sub-encoding to TS1/4 on input line 326.
))
(/usr/share/texmf/tex/latex/base/fontenc.sty
Package: fontenc 2004/02/22 v1.99f Standard LaTeX package

(/usr/share/texmf/tex/latex/base/t1enc.def
File: t1enc.def 2004/02/22 v1.99f Standard LaTeX file
LaTeX Font Info:    Redeclaring font encoding T1 on input line 43.
))
(/usr/share/texmf/tex/latex/ae/ae.sty
Package: ae 2001/02/12 1.3 Almost European Computer Modern

(/usr/share/texmf/tex/latex/base/fontenc.sty
Package: fontenc 2004/02/22 v1.99f Standard LaTeX package

(/usr/share/texmf/tex/latex/base/t1enc.def
File: t1enc.def 2004/02/22 v1.99f Standard LaTeX file
LaTeX Font Info:    Redeclaring font encoding T1 on input line 43.
)
LaTeX Font Info:    Try loading font information for T1+aer on input line 100.

(/usr/share/texmf/tex/latex/ae/t1aer.fd
File: t1aer.fd 1997/11/16 Font definitions for T1/aer.
)))) (./kernelmap.aux)
\openout1 = `kernelmap.aux'.

LaTeX Font Info:    Checking defaults for OML/cmm/m/it on input line 381.
LaTeX Font Info:    ... okay on input line 381.
LaTeX Font Info:    Checking defaults for T1/cmr/m/n on input line 381.
LaTeX Font Info:    ... okay on input line 381.
LaTeX Font Info:    Checking defaults for OT1/cmr/m/n on input line 381.
LaTeX Font Info:    ... okay on input line 381.
LaTeX Font Info:    Checking defaults for OMS/cmsy/m/n on input line 381.
LaTeX Font Info:    ... okay on input line 381.
LaTeX Font Info:    Checking defaults for OMX/cmex/m/n on input line 381.
LaTeX Font Info:    ... okay on input line 381.
LaTeX Font Info:    Checking defaults for U/cmr/m/n on input line 381.
LaTeX Font Info:    ... okay on input line 381.
LaTeX Font Info:    Checking defaults for TS1/cmr/m/n on input line 381.
LaTeX Font Info:    Try loading font information for TS1+cmr on input line 381.


(/usr/share/texmf/tex/latex/base/ts1cmr.fd
File: ts1cmr.fd 1999/05/25 v2.5h Standard LaTeX font definitions
)
LaTeX Font Info:    ... okay on input line 381.

(/usr/share/texmf/tex/context/base/supp-pdf.tex
(/usr/share/texmf/tex/context/base/supp-mis.tex
loading : Context Support Macros / Miscellaneous (2004.10.26)
\protectiondepth=\count127
\scratchcounter=\count128
\scratchtoks=\toks29
\scratchdimen=\dimen160
\scratchskip=\skip52
\scratchmuskip=\muskip12
\scratchbox=\box178
\scratchread=\read3
\scratchwrite=\write7
\zeropoint=\dimen161
\onepoint=\dimen162
\onebasepoint=\dimen163
\minusone=\count129
\thousandpoint=\dimen164
\onerealpoint=\dimen165
\emptytoks=\toks30
\nextbox=\box179
\nextdepth=\dimen166
\everyline=\toks31
\!!counta=\count130
\!!countb=\count131
\recursecounter=\count132
)
loading : Context Support Macros / PDF (2004.03.26)
\nofMPsegments=\count133
\nofMParguments=\count134
\MPscratchCnt=\count135
\MPscratchDim=\dimen167
\MPnumerator=\count136
\everyMPtoPDFconversion=\toks32
) ABD: EveryShipout initializing macros [1

{/usr/share/texmf-var/fonts/map/pdftex/updmap/pdftex.map}] [2] (/home/fgregg/sw
eave-cache/figs/fig-008.tikz)
(/home/fgregg/sweave-cache/figs/fig-009.tikz)

LaTeX Warning: `!h' float specifier changed to `!ht'.

LaTeX Font Info:    Try loading font information for T1+aett on input line 598.

(/usr/share/texmf/tex/latex/ae/t1aett.fd
File: t1aett.fd 1997/11/16 Font definitions for T1/aett.
) [3]
</home/fgregg/sweave-cache/figs/fig-KSplot.pdf, id=35, 325.215pt x 343.2825pt>
File: /home/fgregg/sweave-cache/figs/fig-KSplot.pdf Graphic file (type pdf)

<use /home/fgregg/sweave-cache/figs/fig-KSplot.pdf>

LaTeX Warning: `!h' float specifier changed to `!ht'.

[4] [5 </home/fgregg/sweave-cache/figs/fig-KSplot.pdf>] (./kernelmap.aux) ) 
Here is how much of TeX's memory you used:
 15777 strings out of 94501
 314755 string characters out of 1176774
 541939 words of memory out of 2500000
 18606 multiletter control sequences out of 10000+50000
 31669 words of font info for 72 fonts, out of 500000 for 2000
 580 hyphenation exceptions out of 1000
 56i,8n,56p,612b,743s stack positions out of 1500i,500n,5000p,200000b,5000s
PDF statistics:
 108 PDF objects out of 300000
 0 named destinations out of 131072
 18 words of extra memory for PDF output out of 65536
</us
r/share/texmf/fonts/type1/bluesky/cm/cmtt8.pfb></usr/share/texmf/fonts/type1/bl
uesky/cm/cmti8.pfb></usr/share/texmf/fonts/type1/bluesky/cm/cmr8.pfb></usr/shar
e/texmf/fonts/type1/bluesky/cm/cmr6.pfb></usr/share/texmf/fonts/type1/bluesky/c
m/cmr7.pfb></usr/share/texmf/fonts/type1/bluesky/cm/cmr10.pfb></usr/share/texmf
/fonts/type1/bluesky/cm/cmbx12.pfb>
Output written on kernelmap.pdf (5 pages, 297683 bytes).
